proguard/seeds.txt
com.mfino.bsim.ActivationConfirm
com.mfino.bsim.ActivationConfirm: android.widget.Button btn_confirm
com.mfino.bsim.ActivationConfirm: android.widget.Button btn_cancel
com.mfino.bsim.ActivationConfirm: android.widget.TextView tvConfirmMsg
com.mfino.bsim.ActivationConfirm: android.widget.TextView aditionalInfo
com.mfino.bsim.ActivationConfirm: android.os.Bundle bundle
com.mfino.bsim.ActivationConfirm: java.lang.String responseXml
com.mfino.bsim.ActivationConfirm: com.mfino.bsim.containers.ValueContainer valueContainer
com.mfino.bsim.ActivationConfirm: android.app.AlertDialog$Builder alertbox
com.mfino.bsim.ActivationConfirm: int msgCode
com.mfino.bsim.ActivationConfirm: android.content.SharedPreferences languageSettings
com.mfino.bsim.ActivationConfirm: java.lang.String selectedLanguage
com.mfino.bsim.ActivationConfirm: android.content.Context context
com.mfino.bsim.ActivationConfirm: ActivationConfirm()
com.mfino.bsim.ActivationConfirm: void onCreate(android.os.Bundle)
com.mfino.bsim.ActivationConfirm: android.os.Bundle access$0(com.mfino.bsim.ActivationConfirm)
com.mfino.bsim.ActivationConfirm: java.lang.String access$1(com.mfino.bsim.ActivationConfirm)
com.mfino.bsim.ActivationConfirm: android.app.AlertDialog$Builder access$2(com.mfino.bsim.ActivationConfirm)
com.mfino.bsim.ActivationConfirm: void access$3(com.mfino.bsim.ActivationConfirm,java.lang.String)
com.mfino.bsim.ActivationConfirmation
com.mfino.bsim.ActivationConfirmation: android.widget.Button loginButton
com.mfino.bsim.ActivationConfirmation: android.os.Bundle bundle
com.mfino.bsim.ActivationConfirmation: android.widget.TextView tvMsg
com.mfino.bsim.ActivationConfirmation: java.lang.String msg
com.mfino.bsim.ActivationConfirmation: android.content.SharedPreferences languageSettings
com.mfino.bsim.ActivationConfirmation: ActivationConfirmation()
com.mfino.bsim.ActivationConfirmation: void onCreate(android.os.Bundle)
com.mfino.bsim.ActivationDetails
com.mfino.bsim.ActivationDetails: android.widget.Button okButton
com.mfino.bsim.ActivationDetails: android.widget.Button resentOTP
com.mfino.bsim.ActivationDetails: android.widget.EditText otp
com.mfino.bsim.ActivationDetails: android.widget.EditText pin
com.mfino.bsim.ActivationDetails: android.widget.EditText confirmPin
com.mfino.bsim.ActivationDetails: android.app.AlertDialog$Builder alertbox
com.mfino.bsim.ActivationDetails: com.mfino.bsim.containers.ValueContainer valueContainer
com.mfino.bsim.ActivationDetails: android.os.Bundle bundle
com.mfino.bsim.ActivationDetails: java.lang.String responseXml
com.mfino.bsim.ActivationDetails: android.content.SharedPreferences languageSettings
com.mfino.bsim.ActivationDetails: java.lang.String selectedLanguage
com.mfino.bsim.ActivationDetails: android.app.ProgressDialog dialog
com.mfino.bsim.ActivationDetails: android.content.Context context
com.mfino.bsim.ActivationDetails: ActivationDetails()
com.mfino.bsim.ActivationDetails: void onCreate(android.os.Bundle)
com.mfino.bsim.ActivationDetails: boolean isRequiredFieldEmpty()
com.mfino.bsim.ActivationDetails: void resendOTP()
com.mfino.bsim.ActivationDetails: boolean access$0(com.mfino.bsim.ActivationDetails)
com.mfino.bsim.ActivationDetails: android.app.AlertDialog$Builder access$1(com.mfino.bsim.ActivationDetails)
com.mfino.bsim.ActivationDetails: android.widget.EditText access$2(com.mfino.bsim.ActivationDetails)
...
android.support.v7.widget.SearchView
android.support.v7.widget.SearchView: boolean DBG
android.support.v7.widget.SearchView: java.lang.String LOG_TAG
android.support.v7.widget.SearchView: boolean IS_AT_LEAST_FROYO
android.support.v7.widget.SearchView: java.lang.String IME_OPTION_NO_MICROPHONE
android.support.v7.widget.SearchView: android.support.v7.widget.SearchView$SearchAutoComplete mSearchSrcTextView
android.support.v7.widget.SearchView: android.view.View mSearchEditFrame
android.support.v7.widget.SearchView: android.view.View mSearchPlate
android.support.v7.widget.SearchView: android.view.View mSubmitArea
android.support.v7.widget.SearchView: android.widget.ImageView mSearchButton
android.support.v7.widget.SearchView: android.widget.ImageView mGoButton
android.support.v7.widget.SearchView: android.widget.ImageView mCloseButton
android.support.v7.widget.SearchView: android.widget.ImageView mVoiceButton
android.support.v7.widget.SearchView: android.view.View mDropDownAnchor
android.support.v7.widget.SearchView: android.widget.ImageView mCollapsedIcon
android.support.v7.widget.SearchView: android.graphics.drawable.Drawable mSearchHintIcon
android.support.v7.widget.SearchView: int mSuggestionRowLayout
android.support.v7.widget.SearchView: int mSuggestionCommitIconResId
android.support.v7.widget.SearchView: android.content.Intent mVoiceWebSearchIntent
android.support.v7.widget.SearchView: android.content.Intent mVoiceAppSearchIntent
android.support.v7.widget.SearchView$SearchAutoComplete
android.support.v7.widget.SearchView$SearchAutoComplete: int mThreshold
android.support.v7.widget.SearchView$SearchAutoComplete: android.support.v7.widget.SearchView mSearchView
android.support.v7.widget.SearchView$SearchAutoComplete: SearchView$SearchAutoComplete(android.content.Context)
android.support.v7.widget.SearchView$SearchAutoComplete: SearchView$SearchAutoComplete(android.content.Context,android.util.AttributeSet)
android.support.v7.widget.SearchView$SearchAutoComplete: SearchView$SearchAutoComplete(android.content.Context,android.util.AttributeSet,int)
android.support.v7.widget.SearchView$SearchAutoComplete: void setSearchView(android.support.v7.widget.SearchView)
android.support.v7.widget.SearchView$SearchAutoComplete: void setThreshold(int)
android.support.v7.widget.SearchView$SearchAutoComplete: boolean isEmpty()
android.support.v7.widget.SearchView$SearchAutoComplete: void replaceText(java.lang.CharSequence)
android.support.v7.widget.SearchView$SearchAutoComplete: void performCompletion()
android.support.v7.widget.SearchView$SearchAutoComplete: void onWindowFocusChanged(boolean)
android.support.v7.widget.SearchView$SearchAutoComplete: void onFocusChanged(boolean,int,android.graphics.Rect)
android.support.v7.widget.SearchView$SearchAutoComplete: boolean enoughToFilter()
android.support.v7.widget.SearchView$SearchAutoComplete: boolean onKeyPreIme(int,android.view.KeyEvent)
android.support.v7.widget.StaggeredGridLayoutManager$LazySpanLookup$FullSpanItem
android.support.v7.widget.StaggeredGridLayoutManager$LazySpanLookup$FullSpanItem: android.os.Parcelable$Creator CREATOR
android.support.v7.widget.StaggeredGridLayoutManager$SavedState
android.support.v7.widget.StaggeredGridLayoutManager$SavedState: android.os.Parcelable$Creator CREATOR