proguard/mapping.txt
com.mfino.bsim.ActivationConfirm -> com.mfino.bsim.ActivationConfirm:
    android.widget.Button btn_confirm -> btn_confirm
    android.widget.Button btn_cancel -> btn_cancel
    android.widget.TextView tvConfirmMsg -> tvConfirmMsg
    android.widget.TextView aditionalInfo -> aditionalInfo
    android.os.Bundle bundle -> bundle
    java.lang.String responseXml -> responseXml
    com.mfino.bsim.containers.ValueContainer valueContainer -> valueContainer
    android.app.AlertDialog$Builder alertbox -> alertbox
    int msgCode -> msgCode
    android.content.SharedPreferences languageSettings -> languageSettings
    java.lang.String selectedLanguage -> selectedLanguage
    android.content.Context context -> context
    void <init>() -> <init>
    void onCreate(android.os.Bundle) -> onCreate
    android.os.Bundle access$0(com.mfino.bsim.ActivationConfirm) -> access$0
    java.lang.String access$1(com.mfino.bsim.ActivationConfirm) -> access$1
    android.app.AlertDialog$Builder access$2(com.mfino.bsim.ActivationConfirm) -> access$2
    void access$3(com.mfino.bsim.ActivationConfirm,java.lang.String) -> access$3
com.mfino.bsim.ActivationConfirm$1 -> com.mfino.bsim.a:
    com.mfino.bsim.ActivationConfirm this$0 -> a
    void <init>(com.mfino.bsim.ActivationConfirm) -> <init>
    void onClick(android.view.View) -> onClick
    com.mfino.bsim.ActivationConfirm access$0(com.mfino.bsim.ActivationConfirm$1) -> a
com.mfino.bsim.ActivationConfirm$1$1 -> com.mfino.bsim.b:
    com.mfino.bsim.ActivationConfirm$1 this$1 -> a
    android.app.ProgressDialog val$dialog -> b
    void <init>(com.mfino.bsim.ActivationConfirm$1,android.app.ProgressDialog) -> <init>
    void handleMessage(android.os.Message) -> handleMessage
    com.mfino.bsim.ActivationConfirm$1 access$0(com.mfino.bsim.ActivationConfirm$1$1) -> a
com.mfino.bsim.ActivationConfirm$1$1$1 -> com.mfino.bsim.c:
    com.mfino.bsim.ActivationConfirm$1$1 this$2 -> a
    void <init>(com.mfino.bsim.ActivationConfirm$1$1) -> <init>
    void onClick(android.content.DialogInterface,int) -> onClick
com.mfino.bsim.ActivationConfirm$1$1$2 -> com.mfino.bsim.d:
    com.mfino.bsim.ActivationConfirm$1$1 this$2 -> a
    void <init>(com.mfino.bsim.ActivationConfirm$1$1) -> <init>
    void onClick(android.content.DialogInterface,int) -> onClick
com.mfino.bsim.ActivationConfirm$1$1$3 -> com.mfino.bsim.e:
    com.mfino.bsim.ActivationConfirm$1$1 this$2 -> a
    void <init>(com.mfino.bsim.ActivationConfirm$1$1) -> <init>
    void onClick(android.content.DialogInterface,int) -> onClick
com.mfino.bsim.ActivationConfirm$1$2 -> com.mfino.bsim.f:
    com.mfino.bsim.ActivationConfirm$1 this$1 -> a
    com.mfino.bsim.services.WebServiceHttp val$webServiceHttp -> b
    android.os.Handler val$handler -> c
    void <init>(com.mfino.bsim.ActivationConfirm$1,com.mfino.bsim.services.WebServiceHttp,android.os.Handler) -> <init>
    void run() -> run
com.mfino.bsim.ActivationConfirm$2 -> com.mfino.bsim.g:
    com.mfino.bsim.ActivationConfirm this$0 -> a
    void <init>(com.mfino.bsim.ActivationConfirm) -> <init>
    void onClick(android.view.View) -> onClick
com.mfino.bsim.ActivationConfirmation -> com.mfino.bsim.ActivationConfirmation:
    android.widget.Button loginButton -> loginButton
    android.os.Bundle bundle -> bundle
    android.widget.TextView tvMsg -> tvMsg
    java.lang.String msg -> msg
    android.content.SharedPreferences languageSettings -> languageSettings
    void <init>() -> <init>
    void onCreate(android.os.Bundle) -> onCreate
com.mfino.bsim.ActivationConfirmation$1 -> com.mfino.bsim.h:
    com.mfino.bsim.ActivationConfirmation this$0 -> a
    void <init>(com.mfino.bsim.ActivationConfirmation) -> <init>
    void onClick(android.view.View) -> onClick
...
android.support.v4.content.ContextCompatApi21 -> android.support.v4.content.b:
    android.graphics.drawable.Drawable getDrawable(android.content.Context,int) -> a
    java.io.File getNoBackupFilesDir(android.content.Context) -> a
    java.io.File getCodeCacheDir(android.content.Context) -> b
android.support.v4.content.ContextCompatApi23 -> android.support.v4.content.c:
    android.content.res.ColorStateList getColorStateList(android.content.Context,int) -> a
    int getColor(android.content.Context,int) -> b
android.support.v4.content.ContextCompatFroyo -> android.support.v4.content.d:
    java.io.File getExternalCacheDir(android.content.Context) -> a
    java.io.File getExternalFilesDir(android.content.Context,java.lang.String) -> a
android.support.v4.content.ContextCompatHoneycomb -> android.support.v4.content.e:
    void startActivities(android.content.Context,android.content.Intent[]) -> a
    java.io.File getObbDir(android.content.Context) -> a
android.support.v4.content.ContextCompatJellybean -> android.support.v4.content.f:
    void startActivities(android.content.Context,android.content.Intent[],android.os.Bundle) -> a
android.support.v4.content.ContextCompatKitKat -> android.support.v4.content.g:
    java.io.File[] getExternalCacheDirs(android.content.Context) -> a
    java.io.File[] getExternalFilesDirs(android.content.Context,java.lang.String) -> a
    java.io.File[] getObbDirs(android.content.Context) -> b
android.support.v4.content.IntentCompat -> android.support.v4.content.h:
    android.support.v4.content.IntentCompat$IntentCompatImpl IMPL -> a
    android.content.Intent makeMainActivity(android.content.ComponentName) -> a
    void <clinit>() -> <clinit>
android.support.v4.content.IntentCompat$IntentCompatImpl -> android.support.v4.content.i:
    android.content.Intent makeMainActivity(android.content.ComponentName) -> a
android.support.v4.content.IntentCompat$IntentCompatImplBase -> android.support.v4.content.j:
    void <init>() -> <init>
    android.content.Intent makeMainActivity(android.content.ComponentName) -> a
android.support.v4.content.IntentCompat$IntentCompatImplHC -> android.support.v4.content.k:
    void <init>() -> <init>
    android.content.Intent makeMainActivity(android.content.ComponentName) -> a
android.support.v4.content.IntentCompat$IntentCompatImplIcsMr1 -> android.support.v4.content.l:
    void <init>() -> <init>
android.support.v4.content.IntentCompatHoneycomb -> android.support.v4.content.m:
    android.content.Intent makeMainActivity(android.content.ComponentName) -> a
android.support.v4.content.Loader -> android.support.v4.content.n:
    int mId -> a
    android.support.v4.content.Loader$OnLoadCompleteListener mListener -> b
    android.support.v4.content.Loader$OnLoadCanceledListener mOnLoadCanceledListener -> c
    boolean mStarted -> d
    boolean mAbandoned -> e
    boolean mReset -> f
    boolean mContentChanged -> g
    boolean mProcessingChange -> h
    void registerListener(int,android.support.v4.content.Loader$OnLoadCompleteListener) -> a
    void unregisterListener(android.support.v4.content.Loader$OnLoadCompleteListener) -> a
    void registerOnLoadCanceledListener(android.support.v4.content.Loader$OnLoadCanceledListener) -> a
    void unregisterOnLoadCanceledListener(android.support.v4.content.Loader$OnLoadCanceledListener) -> b
    void startLoading() -> a
    void onStartLoading() -> b
    boolean cancelLoad() -> c
    boolean onCancelLoad() -> d
    void stopLoading() -> e
    void onStopLoading() -> f
    void abandon() -> g
    void onAbandon() -> h
    void reset() -> i
    void onReset() -> j
    java.lang.String dataToString(java.lang.Object) -> a
    java.lang.String toString() -> toString
    void dump(java.lang.String,java.io.FileDescriptor,java.io.PrintWriter,java.lang.String[]) -> a
android.support.v4.content.Loader$OnLoadCanceledListener -> android.support.v4.content.o: