proguard/usage.txt
com.mfino.bsim.BuildConfig
com.mfino.bsim.R
com.mfino.bsim.R$anim
com.mfino.bsim.R$array
com.mfino.bsim.R$attr
com.mfino.bsim.R$bool
com.mfino.bsim.R$color
com.mfino.bsim.R$dimen
com.mfino.bsim.R$drawable
com.mfino.bsim.R$id
com.mfino.bsim.R$integer
com.mfino.bsim.R$layout
com.mfino.bsim.R$raw
com.mfino.bsim.R$string
com.mfino.bsim.R$style
com.mfino.bsim.R$styleable
com.mfino.bsim.R$transition
com.mfino.bsim.containers.EncryptedResponseDataContainer:
    private java.lang.String errorMsg
    private java.lang.String responseData
    201:201:public java.lang.String getTransactionTime()
    217:217:public java.lang.String getResponseData()
    221:222:public void setResponseData(java.lang.String)
    228:228:public java.util.Vector getMessagesList()
    235:235:public java.lang.String getEncryptedRefId()
    291:291:public java.lang.String getEncryptedAESkey()
    305:305:public java.lang.String getAuthenticationString()
    319:319:public java.lang.String getSalt()
    375:375:public java.lang.String getErrorMsg()
    382:383:public void setErrorMsg(java.lang.String)
com.mfino.bsim.containers.EncryptedUserDataContainer
com.mfino.bsim.containers.ResponseDataContainer
com.mfino.bsim.containers.UserDataContainer
com.mfino.bsim.containers.ValueContainer:
    private java.lang.String secretAnswer
    private java.lang.String TransactionID
    private java.lang.String Transactioncharges
    private java.lang.String creditAmount
    private java.lang.String debitAmount
    private java.lang.String authenticationString
    private java.lang.String salt
    private java.lang.String firstName
    private java.lang.String lastName
    private java.lang.String applicationID
    private java.lang.String SubscriberMDN
    private java.lang.String DateOfBirth
    private java.lang.String AccountType
    private java.lang.String ResponseMessage
    private boolean loginResult
    private java.lang.String BankAccountNo
    private java.lang.String changePinConfirm
    private java.lang.String nonFinancialTransaction
    public static java.lang.String hashKey
    public java.lang.String demonCode
    public java.lang.String netPrice
    117:117:public android.content.Context getContext()
    169:169:public java.lang.String getDemonCode()
    173:174:public void setDemonCode(java.lang.String)
    177:177:public java.lang.String getNetPrice()
    181:182:public void setNetPrice(java.lang.String)
    213:213:public java.lang.String getActivationOTP()
    229:229:public java.lang.String getNonFinancialTransaction()
    233:234:public void setNonFinancialTransaction(java.lang.String)
    237:237:public java.lang.String getChangePinConfirm()
    244:245:public void setChangePinConfirm(java.lang.String)
com.mfino.bsim.db.DBHelper:
    public static final java.lang.String DATABASE_NAME
    public static final java.lang.String CONTACTS_COLUMN_NAME
    public static final java.lang.String SESSION_COLUMN_NAME
    java.lang.String session_value
    java.lang.String fmdn
com.mfino.bsim.flashiz.MyCustomEULA:
    android.content.Context context
com.mfino.bsim.services.AppConfigFile
com.mfino.bsim.services.ConfigurationUtil:
    static java.lang.String repString
    12:12:public ConfigurationUtil()
    18:18:public static java.lang.String getURL()
    22:22:public static java.lang.String getSmsUrl()
    28:36:public static java.lang.String replace(java.lang.String,java.lang.String,java.lang.String)
    40:46:public static boolean isBlank(java.lang.String)
    51:69:public static java.lang.String normalizeMDN(java.lang.String)
...
android.support.v4.graphics.drawable.DrawableCompat:
    28:198:public DrawableCompat()
    386:386:public static int getLayoutDirection(android.graphics.drawable.Drawable)
android.support.v4.graphics.drawable.DrawableCompat$BaseDrawableImpl:
    98:98:public int getLayoutDirection(android.graphics.drawable.Drawable)
android.support.v4.graphics.drawable.DrawableCompat$DrawableImpl:
    public abstract int getLayoutDirection(android.graphics.drawable.Drawable)
android.support.v4.graphics.drawable.DrawableCompat$JellybeanMr1DrawableImpl:
    125:126:public int getLayoutDirection(android.graphics.drawable.Drawable)
android.support.v4.graphics.drawable.DrawableCompat$MDrawableImpl:
    206:206:public int getLayoutDirection(android.graphics.drawable.Drawable)
android.support.v4.graphics.drawable.DrawableCompatApi22:
    24:24:DrawableCompatApi22()
android.support.v4.graphics.drawable.DrawableCompatApi23:
    24:24:DrawableCompatApi23()
    30:30:public static int getLayoutDirection(android.graphics.drawable.Drawable)
android.support.v4.graphics.drawable.DrawableCompatBase:
    26:26:DrawableCompatBase()
android.support.v4.graphics.drawable.DrawableCompatHoneycomb:
    26:26:DrawableCompatHoneycomb()
android.support.v4.graphics.drawable.DrawableCompatJellybeanMr1:
    private static final java.lang.String TAG
    private static java.lang.reflect.Method sGetLayoutDirectionMethod
    private static boolean sGetLayoutDirectionMethodFetched
    30:30:DrawableCompatJellybeanMr1()
    63:81:public static int getLayoutDirection(android.graphics.drawable.Drawable)
android.support.v4.graphics.drawable.DrawableCompatKitKat:
    26:26:DrawableCompatKitKat()
android.support.v4.graphics.drawable.DrawableCompatLollipop:
    28:28:DrawableCompatLollipop()
android.support.v4.graphics.drawable.RoundedBitmapDrawable
android.support.v4.graphics.drawable.RoundedBitmapDrawable21
android.support.v4.graphics.drawable.RoundedBitmapDrawableFactory
android.support.v4.graphics.drawable.RoundedBitmapDrawableFactory$DefaultRoundedBitmapDrawable
android.support.v4.hardware.display.DisplayManagerCompat
android.support.v4.hardware.display.DisplayManagerCompat$JellybeanMr1Impl
android.support.v4.hardware.display.DisplayManagerCompat$LegacyImpl
android.support.v4.hardware.display.DisplayManagerJellybeanMr1
android.support.v4.hardware.fingerprint.FingerprintManagerCompat
android.support.v4.hardware.fingerprint.FingerprintManagerCompat$Api23FingerprintManagerCompatImpl
android.support.v4.hardware.fingerprint.FingerprintManagerCompat$Api23FingerprintManagerCompatImpl$1
android.support.v4.hardware.fingerprint.FingerprintManagerCompat$AuthenticationCallback
android.support.v4.hardware.fingerprint.FingerprintManagerCompat$AuthenticationResult
android.support.v4.hardware.fingerprint.FingerprintManagerCompat$CryptoObject
android.support.v4.hardware.fingerprint.FingerprintManagerCompat$FingerprintManagerCompatImpl
android.support.v4.hardware.fingerprint.FingerprintManagerCompat$LegacyFingerprintManagerCompatImpl
android.support.v4.hardware.fingerprint.FingerprintManagerCompatApi23
android.support.v4.hardware.fingerprint.FingerprintManagerCompatApi23$1
android.support.v4.hardware.fingerprint.FingerprintManagerCompatApi23$AuthenticationCallback
android.support.v4.hardware.fingerprint.FingerprintManagerCompatApi23$AuthenticationResultInternal
android.support.v4.hardware.fingerprint.FingerprintManagerCompatApi23$CryptoObject
android.support.v4.internal.view.SupportMenu:
    public static final int USER_MASK
    public static final int USER_SHIFT
    public static final int CATEGORY_MASK
    public static final int CATEGORY_SHIFT
android.support.v4.internal.view.SupportMenuItem:
    public static final int SHOW_AS_ACTION_NEVER
    public static final int SHOW_AS_ACTION_IF_ROOM
    public static final int SHOW_AS_ACTION_ALWAYS
    public static final int SHOW_AS_ACTION_WITH_TEXT
    public static final int SHOW_AS_ACTION_COLLAPSE_ACTION_VIEW